<?xml version="1.0" encoding="UTF-8"?>
<!-- Generated by org.testng.reporters.JUnitXMLReporter -->
<testsuite hostname="USHYDKDARISI02" ignored="5" name="car loan" tests="1" failures="0" timestamp="24 Oct 2022 10:36:13 GMT" time="0.021" errors="0">
  <testcase name="APILoginCarLoan" time="0.011" classname="test.Demo3"/>
  <testcase name="mobileLoginCarLoan" time="0.0" classname="test.Demo3">
    <ignored/>
  </testcase> <!-- mobileLoginCarLoan -->
  <testcase name="webLoginCarLoan" time="0.0" classname="test.Demo3">
    <ignored/>
  </testcase> <!-- webLoginCarLoan -->
  <testcase name="mobileLogin2CarLoan" time="0.0" classname="test.Demo3">
    <ignored/>
  </testcase> <!-- mobileLogin2CarLoan -->
  <testcase name="mobileLogin1CarLoan" time="0.0" classname="test.Demo3">
    <ignored/>
  </testcase> <!-- mobileLogin1CarLoan -->
  <testcase name="mobileLogin3CarLoan" time="0.0" classname="test.Demo3">
    <ignored/>
  </testcase> <!-- mobileLogin3CarLoan -->
</testsuite> <!-- car loan -->
