<?xml version="1.0" encoding="UTF-8"?>
<!-- Generated by org.testng.reporters.JUnitXMLReporter -->
<testsuite hostname="USHYDKDARISI02" ignored="9" name="Groups Example" tests="4" failures="0" timestamp="22 Oct 2022 12:53:32 GMT" time="0.038" errors="0">
  <testcase name="step01" time="0.01" classname="test.Demo1"/>
  <testcase name="mobileLoginHomeLoan" time="0.001" classname="test.Demo4"/>
  <testcase name="step02" time="0.001" classname="test.Demo2"/>
  <testcase name="step01" time="0.001" classname="test.Demo2"/>
  <testcase name="mobileLoginCarLoan" time="0.0" classname="test.Demo3">
    <ignored/>
  </testcase> <!-- mobileLoginCarLoan -->
  <testcase name="APILoginCarLoan" time="0.0" classname="test.Demo3">
    <ignored/>
  </testcase> <!-- APILoginCarLoan -->
  <testcase name="webLoginHomeLoan" time="0.0" classname="test.Demo4">
    <ignored/>
  </testcase> <!-- webLoginHomeLoan -->
  <testcase name="APILoginHomeLoan" time="0.0" classname="test.Demo4">
    <ignored/>
  </testcase> <!-- APILoginHomeLoan -->
  <testcase name="webLoginCarLoan" time="0.0" classname="test.Demo3">
    <ignored/>
  </testcase> <!-- webLoginCarLoan -->
  <testcase name="mobileLogin2CarLoan" time="0.0" classname="test.Demo3">
    <ignored/>
  </testcase> <!-- mobileLogin2CarLoan -->
  <testcase name="mobileLogin1CarLoan" time="0.0" classname="test.Demo3">
    <ignored/>
  </testcase> <!-- mobileLogin1CarLoan -->
  <testcase name="mobileLogin3CarLoan" time="0.0" classname="test.Demo3">
    <ignored/>
  </testcase> <!-- mobileLogin3CarLoan -->
  <testcase name="step02" time="0.0" classname="test.Demo1">
    <ignored/>
  </testcase> <!-- step02 -->
</testsuite> <!-- Groups Example -->
