<?xml version="1.0" encoding="UTF-8"?>
<!-- Generated by org.testng.reporters.JUnitXMLReporter -->
<testsuite hostname="USHYDKDARISI02" ignored="0" name="Test" tests="2" failures="2" timestamp="27 Oct 2022 14:13:07 GMT" time="0.137" errors="0">
  <testcase name="step01" time="0.113" classname="seleniumGrid.GridTest_chrome">
    <failure type="java.util.ServiceConfigurationError" message="io.opentelemetry.sdk.autoconfigure.spi.traces.SdkTracerProviderConfigurer: Provider org.openqa.selenium.remote.tracing.opentelemetry.SeleniumSpanExporter not a subtype">
      <![CDATA[java.util.ServiceConfigurationError: io.opentelemetry.sdk.autoconfigure.spi.traces.SdkTracerProviderConfigurer: Provider org.openqa.selenium.remote.tracing.opentelemetry.SeleniumSpanExporter not a subtype
	at java.util.ServiceLoader.fail(ServiceLoader.java:239)
	at java.util.ServiceLoader.access$300(ServiceLoader.java:185)
	at java.util.ServiceLoader$LazyIterator.nextService(ServiceLoader.java:376)
	at java.util.ServiceLoader$LazyIterator.next(ServiceLoader.java:404)
	at java.util.ServiceLoader$1.next(ServiceLoader.java:480)
	at io.opentelemetry.sdk.autoconfigure.AutoConfiguredOpenTelemetrySdkBuilder.mergeSdkTracerProviderConfigurer(AutoConfiguredOpenTelemetrySdkBuilder.java:409)
	at io.opentelemetry.sdk.autoconfigure.AutoConfiguredOpenTelemetrySdkBuilder.build(AutoConfiguredOpenTelemetrySdkBuilder.java:321)
	at org.openqa.selenium.remote.tracing.opentelemetry.OpenTelemetryTracer.createTracer(OpenTelemetryTracer.java:81)
	at org.openqa.selenium.remote.tracing.opentelemetry.OpenTelemetryTracer.getInstance(OpenTelemetryTracer.java:60)
	at org.openqa.selenium.remote.RemoteWebDriver.createExecutor(RemoteWebDriver.java:180)
	at org.openqa.selenium.remote.RemoteWebDriver.<init>(RemoteWebDriver.java:139)
	at seleniumGrid.GridTest_chrome.step01(GridTest_chrome.java:25)
	at java.util.concurrent.ThreadPoolExecutor.runWorker(ThreadPoolExecutor.java:1149)
	at java.util.concurrent.ThreadPoolExecutor$Worker.run(ThreadPoolExecutor.java:624)
	at java.lang.Thread.run(Thread.java:750)
... Removed 10 stack frames]]>
    </failure>
  </testcase> <!-- step01 -->
  <testcase name="step01" time="0.114" classname="seleniumGrid.GridTest_firefox">
    <failure type="java.util.ServiceConfigurationError" message="io.opentelemetry.sdk.autoconfigure.spi.traces.SdkTracerProviderConfigurer: Provider org.openqa.selenium.remote.tracing.opentelemetry.SeleniumSpanExporter not a subtype">
      <![CDATA[java.util.ServiceConfigurationError: io.opentelemetry.sdk.autoconfigure.spi.traces.SdkTracerProviderConfigurer: Provider org.openqa.selenium.remote.tracing.opentelemetry.SeleniumSpanExporter not a subtype
	at java.util.ServiceLoader.fail(ServiceLoader.java:239)
	at java.util.ServiceLoader.access$300(ServiceLoader.java:185)
	at java.util.ServiceLoader$LazyIterator.nextService(ServiceLoader.java:376)
	at java.util.ServiceLoader$LazyIterator.next(ServiceLoader.java:404)
	at java.util.ServiceLoader$1.next(ServiceLoader.java:480)
	at io.opentelemetry.sdk.autoconfigure.AutoConfiguredOpenTelemetrySdkBuilder.mergeSdkTracerProviderConfigurer(AutoConfiguredOpenTelemetrySdkBuilder.java:409)
	at io.opentelemetry.sdk.autoconfigure.AutoConfiguredOpenTelemetrySdkBuilder.build(AutoConfiguredOpenTelemetrySdkBuilder.java:321)
	at org.openqa.selenium.remote.tracing.opentelemetry.OpenTelemetryTracer.createTracer(OpenTelemetryTracer.java:81)
	at org.openqa.selenium.remote.tracing.opentelemetry.OpenTelemetryTracer.getInstance(OpenTelemetryTracer.java:60)
	at org.openqa.selenium.remote.RemoteWebDriver.createExecutor(RemoteWebDriver.java:180)
	at org.openqa.selenium.remote.RemoteWebDriver.<init>(RemoteWebDriver.java:139)
	at seleniumGrid.GridTest_firefox.step01(GridTest_firefox.java:25)
	at java.util.concurrent.ThreadPoolExecutor.runWorker(ThreadPoolExecutor.java:1149)
	at java.util.concurrent.ThreadPoolExecutor$Worker.run(ThreadPoolExecutor.java:624)
	at java.lang.Thread.run(Thread.java:750)
... Removed 10 stack frames]]>
    </failure>
  </testcase> <!-- step01 -->
</testsuite> <!-- Test -->
