<?xml version="1.0" encoding="UTF-8"?>
<!-- Generated by org.testng.reporters.JUnitXMLReporter -->
<testsuite hostname="USHYDKDARISI02" name="Default test" tests="3" failures="0" timestamp="27 Oct 2022 07:44:30 GMT" time="0.674" errors="0">
  <testcase name="dataFromExcel" time="0.01" classname="excelDataProvider.ExcelDataProviderTest"/>
  <testcase name="dataFromExcel" time="0.002" classname="excelDataProvider.ExcelDataProviderTest"/>
  <testcase name="dataFromExcel" time="0.001" classname="excelDataProvider.ExcelDataProviderTest"/>
</testsuite> <!-- Default test -->
